<?xml version="1.0" encoding="UTF-8"?>
<!-- Generated by org.testng.reporters.JUnitXMLReporter -->
<testsuite hostname="IE-45T2C33-N" ignored="0" name="Free CRM App Test Cases" tests="9" failures="0" timestamp="2020-11-19T22:33:51 GMT" time="137.968" errors="0">
  <testcase name="loginPageTitleTest" time="0.091" classname="com.crm.qa.testcases.LoginPageTest"/>
  <testcase name="crmLogoImageTest" time="0.229" classname="com.crm.qa.testcases.LoginPageTest"/>
  <testcase name="loginTests" time="4.973" classname="com.crm.qa.testcases.LoginPageTest"/>
  <testcase name="verifyHomePageTitleTest" time="0.022" classname="com.crm.qa.testcases.HomePageTest"/>
  <testcase name="verifyUserNameTest" time="0.252" classname="com.crm.qa.testcases.HomePageTest"/>
  <testcase name="verifyContactsLinkTest" time="3.178" classname="com.crm.qa.testcases.HomePageTest"/>
  <testcase name="verifyContactsPageLabel" time="0.063" classname="com.crm.qa.testcases.ContactsPageTest"/>
  <testcase name="singleSelectContactList" time="0.136" classname="com.crm.qa.testcases.ContactsPageTest"/>
  <testcase name="multipleSelectContactList" time="0.308" classname="com.crm.qa.testcases.ContactsPageTest"/>
</testsuite> <!-- Free CRM App Test Cases -->
