<?xml version="1.0" encoding="UTF-8"?>
<!-- Generated by org.testng.reporters.JUnitXMLReporter -->
<testsuite hostname="IE-45T2C33-N" ignored="0" name="Surefire test" tests="3" failures="0" timestamp="2020-11-19T10:15:13 GMT" time="40.572" errors="0">
  <testcase name="loginPageTitleTest" time="0.017" classname="com.crm.qa.testcases.LoginPageTest"/>
  <testcase name="crmLogoImageTest" time="0.131" classname="com.crm.qa.testcases.LoginPageTest"/>
  <testcase name="loginTests" time="4.992" classname="com.crm.qa.testcases.LoginPageTest"/>
</testsuite> <!-- Surefire test -->
