<?xml version="1.0" encoding="UTF-8"?>
<!-- Generated by org.testng.reporters.JUnitXMLReporter -->
<testsuite hostname="IE-45T2C33-N" ignored="0" name="Default test" tests="3" failures="0" timestamp="2020-11-19T10:13:27 GMT" time="41.561" errors="0">
  <testcase name="loginPageTitleTest" time="0.106" classname="com.crm.qa.testcases.LoginPageTest"/>
  <testcase name="crmLogoImageTest" time="0.301" classname="com.crm.qa.testcases.LoginPageTest"/>
  <testcase name="loginTests" time="6.085" classname="com.crm.qa.testcases.LoginPageTest"/>
</testsuite> <!-- Default test -->
