<?xml version="1.0" encoding="UTF-8"?>
<testng-results skipped="0" failed="0" ignored="0" total="3" passed="3">
  <reporter-output>
  </reporter-output>
  <suite name="Surefire suite" duration-ms="40572" started-at="2020-11-19T10:14:32 GMT" finished-at="2020-11-19T10:15:13 GMT">
    <groups>
    </groups>
    <test name="Surefire test" duration-ms="40572" started-at="2020-11-19T10:14:32 GMT" finished-at="2020-11-19T10:15:13 GMT">
      <class name="com.crm.qa.testcases.LoginPageTest">
        <test-method status="PASS" signature="setUp()[pri:0, instance:com.crm.qa.testcases.LoginPageTest@7e0b0338]" name="setUp" is-config="true" duration-ms="12588" started-at="2020-11-19T10:14:32 GMT" finished-at="2020-11-19T10:14:45 GMT">
          <reporter-output>
          </reporter-output>
        </test-method> <!-- setUp -->
        <test-method status="PASS" signature="loginPageTitleTest()[pri:1, instance:com.crm.qa.testcases.LoginPageTest@7e0b0338]" name="loginPageTitleTest" duration-ms="17" started-at="2020-11-19T10:14:45 GMT" finished-at="2020-11-19T10:14:45 GMT">
          <reporter-output>
          </reporter-output>
        </test-method> <!-- loginPageTitleTest -->
        <test-method status="PASS" signature="tearDown()[pri:0, instance:com.crm.qa.testcases.LoginPageTest@7e0b0338]" name="tearDown" is-config="true" duration-ms="1293" started-at="2020-11-19T10:14:45 GMT" finished-at="2020-11-19T10:14:46 GMT">
          <reporter-output>
          </reporter-output>
        </test-method> <!-- tearDown -->
        <test-method status="PASS" signature="setUp()[pri:0, instance:com.crm.qa.testcases.LoginPageTest@7e0b0338]" name="setUp" is-config="true" duration-ms="9827" started-at="2020-11-19T10:14:46 GMT" finished-at="2020-11-19T10:14:56 GMT">
          <reporter-output>
          </reporter-output>
        </test-method> <!-- setUp -->
        <test-method status="PASS" signature="crmLogoImageTest()[pri:2, instance:com.crm.qa.testcases.LoginPageTest@7e0b0338]" name="crmLogoImageTest" duration-ms="131" started-at="2020-11-19T10:14:56 GMT" finished-at="2020-11-19T10:14:56 GMT">
          <reporter-output>
          </reporter-output>
        </test-method> <!-- crmLogoImageTest -->
        <test-method status="PASS" signature="tearDown()[pri:0, instance:com.crm.qa.testcases.LoginPageTest@7e0b0338]" name="tearDown" is-config="true" duration-ms="1161" started-at="2020-11-19T10:14:56 GMT" finished-at="2020-11-19T10:14:57 GMT">
          <reporter-output>
          </reporter-output>
        </test-method> <!-- tearDown -->
        <test-method status="PASS" signature="setUp()[pri:0, instance:com.crm.qa.testcases.LoginPageTest@7e0b0338]" name="setUp" is-config="true" duration-ms="9045" started-at="2020-11-19T10:14:57 GMT" finished-at="2020-11-19T10:15:06 GMT">
          <reporter-output>
          </reporter-output>
        </test-method> <!-- setUp -->
        <test-method status="PASS" signature="loginTests()[pri:3, instance:com.crm.qa.testcases.LoginPageTest@7e0b0338]" name="loginTests" duration-ms="4992" started-at="2020-11-19T10:15:06 GMT" finished-at="2020-11-19T10:15:11 GMT">
          <reporter-output>
          </reporter-output>
        </test-method> <!-- loginTests -->
        <test-method status="PASS" signature="tearDown()[pri:0, instance:com.crm.qa.testcases.LoginPageTest@7e0b0338]" name="tearDown" is-config="true" duration-ms="1435" started-at="2020-11-19T10:15:11 GMT" finished-at="2020-11-19T10:15:13 GMT">
          <reporter-output>
          </reporter-output>
        </test-method> <!-- tearDown -->
      </class> <!-- com.crm.qa.testcases.LoginPageTest -->
    </test> <!-- Surefire test -->
  </suite> <!-- Surefire suite -->
</testng-results>
